c:\users\gny00\onedrive\바탕 화면\parserverilog3\parserverilog\x64\debug\vc143.pdb
c:\users\gny00\onedrive\바탕 화면\parserverilog3\parserverilog\x64\debug\vc143.idb
c:\users\gny00\onedrive\바탕 화면\parserverilog3\parserverilog\x64\debug\sampleparser.obj
c:\users\gny00\onedrive\바탕 화면\parserverilog3\parserverilog\x64\debug\main.obj
c:\users\gny00\onedrive\바탕 화면\parserverilog3\parserverilog\x64\debug\verilog_parser.tab.obj
c:\users\gny00\onedrive\바탕 화면\parserverilog3\parserverilog\x64\debug\verilog_lexer.yy.obj
c:\users\gny00\onedrive\바탕 화면\parserverilog3\x64\debug\parserverilog.exe
c:\users\gny00\onedrive\바탕 화면\parserverilog3\parserverilog\x64\debug\parserverilog.ilk
c:\users\gny00\onedrive\바탕 화면\parserverilog3\x64\debug\parserverilog.pdb
c:\users\gny00\onedrive\바탕 화면\parserverilog3\parserverilog\x64\debug\sample_parser.obj
c:\users\gny00\onedrive\바탕 화면\parserverilog3\parserverilog\x64\debug\소스.obj
c:\users\gny00\onedrive\바탕 화면\parserverilog3\parserverilog\x64\debug\sampleparser.obj.enc
c:\users\gny00\onedrive\바탕 화면\parserverilog3\parserverilog\x64\debug\vc142.idb
c:\users\gny00\onedrive\바탕 화면\parserverilog3\parserverilog\x64\debug\vc142.pdb
c:\users\gny00\onedrive\바탕 화면\parserverilog3\parserverilog\x64\debug\parserverilog.tlog\cl.command.1.tlog
c:\users\gny00\onedrive\바탕 화면\parserverilog3\parserverilog\x64\debug\parserverilog.tlog\cl.read.1.tlog
c:\users\gny00\onedrive\바탕 화면\parserverilog3\parserverilog\x64\debug\parserverilog.tlog\cl.write.1.tlog
c:\users\gny00\onedrive\바탕 화면\parserverilog3\parserverilog\x64\debug\parserverilog.tlog\link.command.1.tlog
c:\users\gny00\onedrive\바탕 화면\parserverilog3\parserverilog\x64\debug\parserverilog.tlog\link.read.1.tlog
c:\users\gny00\onedrive\바탕 화면\parserverilog3\parserverilog\x64\debug\parserverilog.tlog\link.write.1.tlog
